[debug] [2021-03-01T21:09:19.876Z] ----------------------------------------------------------------------
[debug] [2021-03-01T21:09:19.878Z] Command:       /usr/local/bin/node /Users/AdamSue1/.npm/bin/firebase serve
[debug] [2021-03-01T21:09:19.878Z] CLI Version:   9.5.0
[debug] [2021-03-01T21:09:19.879Z] Platform:      darwin
[debug] [2021-03-01T21:09:19.879Z] Node Version:  v12.16.3
[debug] [2021-03-01T21:09:19.880Z] Time:          Mon Mar 01 2021 16:09:19 GMT-0500 (Eastern Standard Time)
[debug] [2021-03-01T21:09:19.880Z] ----------------------------------------------------------------------
[debug] [2021-03-01T21:09:19.880Z] 
[debug] [2021-03-01T21:09:19.887Z] > command requires scopes: ["email","openid","https://www.googleapis.com/auth/cloudplatformprojects.readonly","https://www.googleapis.com/auth/firebase","https://www.googleapis.com/auth/cloud-platform"]
[debug] [2021-03-01T21:09:19.887Z] > authorizing via signed-in user
[debug] [2021-03-01T21:09:19.888Z] [iam] checking project practice-tracker-80315 for permissions ["firebase.projects.get"]
[debug] [2021-03-01T21:09:19.890Z] > refreshing access token with scopes: ["email","https://www.googleapis.com/auth/cloud-platform","https://www.googleapis.com/auth/cloudplatformprojects.readonly","https://www.googleapis.com/auth/firebase","openid"]
[debug] [2021-03-01T21:09:19.890Z] >>> HTTP REQUEST POST https://www.googleapis.com/oauth2/v3/token  
 <request body omitted>
[debug] [2021-03-01T21:09:20.029Z] <<< HTTP RESPONSE 200 {"date":"Mon, 01 Mar 2021 21:09:20 GMT","cache-control":"no-cache, no-store, max-age=0, must-revalidate","pragma":"no-cache","expires":"Mon, 01 Jan 1990 00:00:00 GMT","content-type":"application/json; charset=utf-8","vary":"X-Origin, Referer, Origin,Accept-Encoding","server":"scaffolding on HTTPServer2","x-xss-protection":"0","x-frame-options":"SAMEORIGIN","x-content-type-options":"nosniff","alt-svc":"h3-29=\":443\"; ma=2592000,h3-T051=\":443\"; ma=2592000,h3-Q050=\":443\"; ma=2592000,h3-Q046=\":443\"; ma=2592000,h3-Q043=\":443\"; ma=2592000,quic=\":443\"; ma=2592000; v=\"46,43\"","accept-ranges":"none","transfer-encoding":"chunked"}
[debug] [2021-03-01T21:09:20.037Z] >>> HTTP REQUEST POST https://cloudresourcemanager.googleapis.com/v1/projects/practice-tracker-80315:testIamPermissions  
 {"permissions":["firebase.projects.get"]}
[debug] [2021-03-01T21:09:21.249Z] <<< HTTP RESPONSE 200 {"content-type":"application/json; charset=UTF-8","vary":"X-Origin, Referer, Origin,Accept-Encoding","date":"Mon, 01 Mar 2021 21:09:21 GMT","server":"ESF","cache-control":"private","x-xss-protection":"0","x-frame-options":"SAMEORIGIN","x-content-type-options":"nosniff","server-timing":"gfet4t7; dur=133","alt-svc":"h3-29=\":443\"; ma=2592000,h3-T051=\":443\"; ma=2592000,h3-Q050=\":443\"; ma=2592000,h3-Q046=\":443\"; ma=2592000,h3-Q043=\":443\"; ma=2592000,quic=\":443\"; ma=2592000; v=\"46,43\"","accept-ranges":"none","transfer-encoding":"chunked"}
[debug] [2021-03-01T21:09:21.250Z] > refreshing access token with scopes: []
[debug] [2021-03-01T21:09:21.250Z] >>> HTTP REQUEST POST https://www.googleapis.com/oauth2/v3/token  
 <request body omitted>
[debug] [2021-03-01T21:09:21.354Z] <<< HTTP RESPONSE 200 {"expires":"Mon, 01 Jan 1990 00:00:00 GMT","pragma":"no-cache","cache-control":"no-cache, no-store, max-age=0, must-revalidate","date":"Mon, 01 Mar 2021 21:09:21 GMT","content-type":"application/json; charset=utf-8","vary":"X-Origin, Referer, Origin,Accept-Encoding","server":"scaffolding on HTTPServer2","x-xss-protection":"0","x-frame-options":"SAMEORIGIN","x-content-type-options":"nosniff","alt-svc":"h3-29=\":443\"; ma=2592000,h3-T051=\":443\"; ma=2592000,h3-Q050=\":443\"; ma=2592000,h3-Q046=\":443\"; ma=2592000,h3-Q043=\":443\"; ma=2592000,quic=\":443\"; ma=2592000; v=\"46,43\"","accept-ranges":"none","transfer-encoding":"chunked"}
[debug] [2021-03-01T21:09:21.361Z] >>> [apiv2][query] GET https://firebase.googleapis.com/v1beta1/projects/practice-tracker-80315 [none]
[debug] [2021-03-01T21:09:21.556Z] <<< [apiv2][status] GET https://firebase.googleapis.com/v1beta1/projects/practice-tracker-80315 200
[debug] [2021-03-01T21:09:21.556Z] <<< [apiv2][body] GET https://firebase.googleapis.com/v1beta1/projects/practice-tracker-80315 {"projectId":"practice-tracker-80315","projectNumber":"833833349700","displayName":"Practice Tracker","name":"projects/practice-tracker-80315","resources":{"hostingSite":"practice-tracker-80315","realtimeDatabaseInstance":"practice-tracker-80315-default-rtdb","storageBucket":"practice-tracker-80315.appspot.com","locationId":"us-central"},"state":"ACTIVE"}
[info] 
[info] === Serving from '/Users/AdamSue1/Independent-Projects/Practice-Tracker'...
[info] 
[info] ✔  functions: Using node@12 from host. {"metadata":{"emulator":{"name":"functions"},"message":"Using node@12 from host."}}
[warn] ⚠  functions: Your GOOGLE_APPLICATION_CREDENTIALS environment variable points to /users/AdamSue1/Independent-Projects/Practice-Tracker/practice-tracker-80315-firebase-adminsdk-t350m-7a616b75a1.json

. Non-emulated services will access production using these credentials. Be careful! {"metadata":{"emulator":{"name":"functions"},"message":"Your GOOGLE_APPLICATION_CREDENTIALS environment variable points to /users/AdamSue1/Independent-Projects/Practice-Tracker/practice-tracker-80315-firebase-adminsdk-t350m-7a616b75a1.json\n\n. Non-emulated services will access production using these credentials. Be careful!"}}
[debug] [2021-03-01T21:09:21.568Z] >>> [apiv2][query] GET https://firebase.googleapis.com/v1beta1/projects/practice-tracker-80315/adminSdkConfig [none]
[debug] [2021-03-01T21:09:21.783Z] <<< [apiv2][status] GET https://firebase.googleapis.com/v1beta1/projects/practice-tracker-80315/adminSdkConfig 200
[debug] [2021-03-01T21:09:21.783Z] <<< [apiv2][body] GET https://firebase.googleapis.com/v1beta1/projects/practice-tracker-80315/adminSdkConfig {"projectId":"practice-tracker-80315","databaseURL":"https://practice-tracker-80315-default-rtdb.firebaseio.com","storageBucket":"practice-tracker-80315.appspot.com","locationId":"us-central"}
[info] i  functions: Watching "/Users/AdamSue1/Independent-Projects/Practice-Tracker/functions" for Cloud Functions... {"metadata":{"emulator":{"name":"functions"},"message":"Watching \"/Users/AdamSue1/Independent-Projects/Practice-Tracker/functions\" for Cloud Functions..."}}
[debug] [2021-03-01T21:09:21.808Z] [worker-pool] addWorker(~diagnostic~) {"metadata":{"emulator":{"name":"functions"},"message":"[worker-pool] addWorker(~diagnostic~)"}}
[debug] [2021-03-01T21:09:21.808Z] [worker-pool] Adding worker with key ~diagnostic~, total=1 {"metadata":{"emulator":{"name":"functions"},"message":"[worker-pool] Adding worker with key ~diagnostic~, total=1"}}
[debug] [2021-03-01T21:09:21.808Z] [worker-pool] submitWork(triggerId=) {"metadata":{"emulator":{"name":"functions"},"message":"[worker-pool] submitWork(triggerId=)"}}
[debug] [2021-03-01T21:09:21.809Z] [worker-~diagnostic~-b0d3a86b-aafe-4e3a-8fae-05eeb495134b]: Assigning socketPath: /var/folders/5b/fvwksxrd7s124x2cghg9ngww0000gp/T/fire_emu_21488.sock {"metadata":{"emulator":{"name":"functions"},"message":"[worker-~diagnostic~-b0d3a86b-aafe-4e3a-8fae-05eeb495134b]: Assigning socketPath: /var/folders/5b/fvwksxrd7s124x2cghg9ngww0000gp/T/fire_emu_21488.sock"}}
[debug] [2021-03-01T21:09:21.809Z] [worker-~diagnostic~-b0d3a86b-aafe-4e3a-8fae-05eeb495134b]: BUSY {"metadata":{"emulator":{"name":"functions"},"message":"[worker-~diagnostic~-b0d3a86b-aafe-4e3a-8fae-05eeb495134b]: BUSY"}}
[debug] [2021-03-01T21:09:21.926Z] [runtime-status] [21488] Functions runtime initialized. {"cwd":"/Users/AdamSue1/Independent-Projects/Practice-Tracker/functions","node_version":"12.16.3"} {"metadata":{"emulator":{"name":"functions"},"message":"[runtime-status] [21488] Functions runtime initialized. {\"cwd\":\"/Users/AdamSue1/Independent-Projects/Practice-Tracker/functions\",\"node_version\":\"12.16.3\"}"}}
[debug] [2021-03-01T21:09:21.926Z] [runtime-status] [21488] Disabled runtime features: undefined {"metadata":{"emulator":{"name":"functions"},"message":"[runtime-status] [21488] Disabled runtime features: undefined"}}
[debug] [2021-03-01T21:09:21.928Z] [runtime-status] [21488] Resolved module firebase-admin {"declared":true,"installed":true,"version":"9.5.0","resolution":"/Users/AdamSue1/Independent-Projects/Practice-Tracker/functions/node_modules/firebase-admin/lib/index.js"} {"metadata":{"emulator":{"name":"functions"},"message":"[runtime-status] [21488] Resolved module firebase-admin {\"declared\":true,\"installed\":true,\"version\":\"9.5.0\",\"resolution\":\"/Users/AdamSue1/Independent-Projects/Practice-Tracker/functions/node_modules/firebase-admin/lib/index.js\"}"}}
[debug] [2021-03-01T21:09:21.929Z] [runtime-status] [21488] Resolved module firebase-functions {"declared":true,"installed":true,"version":"3.13.2","resolution":"/Users/AdamSue1/Independent-Projects/Practice-Tracker/functions/node_modules/firebase-functions/lib/index.js"} {"metadata":{"emulator":{"name":"functions"},"message":"[runtime-status] [21488] Resolved module firebase-functions {\"declared\":true,\"installed\":true,\"version\":\"3.13.2\",\"resolution\":\"/Users/AdamSue1/Independent-Projects/Practice-Tracker/functions/node_modules/firebase-functions/lib/index.js\"}"}}
[debug] [2021-03-01T21:09:21.930Z] [runtime-status] [21488] Resolved module firebase-functions {"declared":true,"installed":true,"version":"3.13.2","resolution":"/Users/AdamSue1/Independent-Projects/Practice-Tracker/functions/node_modules/firebase-functions/lib/index.js"} {"metadata":{"emulator":{"name":"functions"},"message":"[runtime-status] [21488] Resolved module firebase-functions {\"declared\":true,\"installed\":true,\"version\":\"3.13.2\",\"resolution\":\"/Users/AdamSue1/Independent-Projects/Practice-Tracker/functions/node_modules/firebase-functions/lib/index.js\"}"}}
[debug] [2021-03-01T21:09:21.931Z] [runtime-status] [21488] Outgoing network have been stubbed. [{"name":"http","status":"mocked"},{"name":"http","status":"mocked"},{"name":"https","status":"mocked"},{"name":"https","status":"mocked"},{"name":"net","status":"mocked"}] {"metadata":{"emulator":{"name":"functions"},"message":"[runtime-status] [21488] Outgoing network have been stubbed. [{\"name\":\"http\",\"status\":\"mocked\"},{\"name\":\"http\",\"status\":\"mocked\"},{\"name\":\"https\",\"status\":\"mocked\"},{\"name\":\"https\",\"status\":\"mocked\"},{\"name\":\"net\",\"status\":\"mocked\"}]"}}
[debug] [2021-03-01T21:09:21.931Z] [runtime-status] [21488] Resolved module firebase-functions {"declared":true,"installed":true,"version":"3.13.2","resolution":"/Users/AdamSue1/Independent-Projects/Practice-Tracker/functions/node_modules/firebase-functions/lib/index.js"} {"metadata":{"emulator":{"name":"functions"},"message":"[runtime-status] [21488] Resolved module firebase-functions {\"declared\":true,\"installed\":true,\"version\":\"3.13.2\",\"resolution\":\"/Users/AdamSue1/Independent-Projects/Practice-Tracker/functions/node_modules/firebase-functions/lib/index.js\"}"}}
[debug] [2021-03-01T21:09:21.961Z] [runtime-status] [21488] Checked functions.config() {"config":{}} {"metadata":{"emulator":{"name":"functions"},"message":"[runtime-status] [21488] Checked functions.config() {\"config\":{}}"}}
[debug] [2021-03-01T21:09:21.961Z] [runtime-status] [21488] firebase-functions has been stubbed. {"functionsResolution":{"declared":true,"installed":true,"version":"3.13.2","resolution":"/Users/AdamSue1/Independent-Projects/Practice-Tracker/functions/node_modules/firebase-functions/lib/index.js"}} {"metadata":{"emulator":{"name":"functions"},"message":"[runtime-status] [21488] firebase-functions has been stubbed. {\"functionsResolution\":{\"declared\":true,\"installed\":true,\"version\":\"3.13.2\",\"resolution\":\"/Users/AdamSue1/Independent-Projects/Practice-Tracker/functions/node_modules/firebase-functions/lib/index.js\"}}"}}
[debug] [2021-03-01T21:09:21.961Z] [runtime-status] [21488] Resolved module firebase-functions {"declared":true,"installed":true,"version":"3.13.2","resolution":"/Users/AdamSue1/Independent-Projects/Practice-Tracker/functions/node_modules/firebase-functions/lib/index.js"} {"metadata":{"emulator":{"name":"functions"},"message":"[runtime-status] [21488] Resolved module firebase-functions {\"declared\":true,\"installed\":true,\"version\":\"3.13.2\",\"resolution\":\"/Users/AdamSue1/Independent-Projects/Practice-Tracker/functions/node_modules/firebase-functions/lib/index.js\"}"}}
[debug] [2021-03-01T21:09:21.962Z] [runtime-status] [21488] Resolved module firebase-admin {"declared":true,"installed":true,"version":"9.5.0","resolution":"/Users/AdamSue1/Independent-Projects/Practice-Tracker/functions/node_modules/firebase-admin/lib/index.js"} {"metadata":{"emulator":{"name":"functions"},"message":"[runtime-status] [21488] Resolved module firebase-admin {\"declared\":true,\"installed\":true,\"version\":\"9.5.0\",\"resolution\":\"/Users/AdamSue1/Independent-Projects/Practice-Tracker/functions/node_modules/firebase-admin/lib/index.js\"}"}}
[debug] [2021-03-01T21:09:21.962Z] [runtime-status] [21488] Resolved module firebase-functions {"declared":true,"installed":true,"version":"3.13.2","resolution":"/Users/AdamSue1/Independent-Projects/Practice-Tracker/functions/node_modules/firebase-functions/lib/index.js"} {"metadata":{"emulator":{"name":"functions"},"message":"[runtime-status] [21488] Resolved module firebase-functions {\"declared\":true,\"installed\":true,\"version\":\"3.13.2\",\"resolution\":\"/Users/AdamSue1/Independent-Projects/Practice-Tracker/functions/node_modules/firebase-functions/lib/index.js\"}"}}
[debug] [2021-03-01T21:09:21.962Z] [runtime-status] [21488] firebase-admin has been stubbed. {"adminResolution":{"declared":true,"installed":true,"version":"9.5.0","resolution":"/Users/AdamSue1/Independent-Projects/Practice-Tracker/functions/node_modules/firebase-admin/lib/index.js"}} {"metadata":{"emulator":{"name":"functions"},"message":"[runtime-status] [21488] firebase-admin has been stubbed. {\"adminResolution\":{\"declared\":true,\"installed\":true,\"version\":\"9.5.0\",\"resolution\":\"/Users/AdamSue1/Independent-Projects/Practice-Tracker/functions/node_modules/firebase-admin/lib/index.js\"}}"}}
[warn] ⚠  Error: Failed to read credentials from file /users/AdamSue1/Independent-Projects/Practice-Tracker/practice-tracker-80315-firebase-adminsdk-t350m-7a616b75a1.json

: Error: ENOENT: no such file or directory, open '/users/AdamSue1/Independent-Projects/Practice-Tracker/practice-tracker-80315-firebase-adminsdk-t350m-7a616b75a1.json

'
    at FirebaseAppError.FirebaseError [as constructor] (/Users/AdamSue1/Independent-Projects/Practice-Tracker/functions/node_modules/firebase-admin/lib/utils/error.js:44:28)
    at FirebaseAppError.PrefixedFirebaseError [as constructor] (/Users/AdamSue1/Independent-Projects/Practice-Tracker/functions/node_modules/firebase-admin/lib/utils/error.js:90:28)
    at new FirebaseAppError (/Users/AdamSue1/Independent-Projects/Practice-Tracker/functions/node_modules/firebase-admin/lib/utils/error.js:125:28)
    at readCredentialFile (/Users/AdamSue1/Independent-Projects/Practice-Tracker/functions/node_modules/firebase-admin/lib/credential/credential-internal.js:383:15)
    at credentialFromFile (/Users/AdamSue1/Independent-Projects/Practice-Tracker/functions/node_modules/firebase-admin/lib/credential/credential-internal.js:362:27)
    at Object.getApplicationDefault (/Users/AdamSue1/Independent-Projects/Practice-Tracker/functions/node_modules/firebase-admin/lib/credential/credential-internal.js:295:16)
    at new FirebaseApp (/Users/AdamSue1/Independent-Projects/Practice-Tracker/functions/node_modules/firebase-admin/lib/firebase-app.js:195:62)
    at FirebaseNamespaceInternals.initializeApp (/Users/AdamSue1/Independent-Projects/Practice-Tracker/functions/node_modules/firebase-admin/lib/firebase-namespace.js:77:19)
    at FirebaseNamespace.initializeApp (/Users/AdamSue1/Independent-Projects/Practice-Tracker/functions/node_modules/firebase-admin/lib/firebase-namespace.js:355:30)
    at Proxy.<anonymous> (/Users/AdamSue1/.npm/lib/node_modules/firebase-tools/lib/emulator/functionsEmulatorRuntime.js:310:74) {"metadata":{"emulator":{"name":"functions"},"message":"Error: Failed to read credentials from file /users/AdamSue1/Independent-Projects/Practice-Tracker/practice-tracker-80315-firebase-adminsdk-t350m-7a616b75a1.json\n\n: Error: ENOENT: no such file or directory, open '/users/AdamSue1/Independent-Projects/Practice-Tracker/practice-tracker-80315-firebase-adminsdk-t350m-7a616b75a1.json\n\n'\n    at FirebaseAppError.FirebaseError [as constructor] (/Users/AdamSue1/Independent-Projects/Practice-Tracker/functions/node_modules/firebase-admin/lib/utils/error.js:44:28)\n    at FirebaseAppError.PrefixedFirebaseError [as constructor] (/Users/AdamSue1/Independent-Projects/Practice-Tracker/functions/node_modules/firebase-admin/lib/utils/error.js:90:28)\n    at new FirebaseAppError (/Users/AdamSue1/Independent-Projects/Practice-Tracker/functions/node_modules/firebase-admin/lib/utils/error.js:125:28)\n    at readCredentialFile (/Users/AdamSue1/Independent-Projects/Practice-Tracker/functions/node_modules/firebase-admin/lib/credential/credential-internal.js:383:15)\n    at credentialFromFile (/Users/AdamSue1/Independent-Projects/Practice-Tracker/functions/node_modules/firebase-admin/lib/credential/credential-internal.js:362:27)\n    at Object.getApplicationDefault (/Users/AdamSue1/Independent-Projects/Practice-Tracker/functions/node_modules/firebase-admin/lib/credential/credential-internal.js:295:16)\n    at new FirebaseApp (/Users/AdamSue1/Independent-Projects/Practice-Tracker/functions/node_modules/firebase-admin/lib/firebase-app.js:195:62)\n    at FirebaseNamespaceInternals.initializeApp (/Users/AdamSue1/Independent-Projects/Practice-Tracker/functions/node_modules/firebase-admin/lib/firebase-namespace.js:77:19)\n    at FirebaseNamespace.initializeApp (/Users/AdamSue1/Independent-Projects/Practice-Tracker/functions/node_modules/firebase-admin/lib/firebase-namespace.js:355:30)\n    at Proxy.<anonymous> (/Users/AdamSue1/.npm/lib/node_modules/firebase-tools/lib/emulator/functionsEmulatorRuntime.js:310:74)"}}
[warn] ⚠  We were unable to load your functions code. (see above) {"metadata":{"emulator":{"name":"functions"}}}
[debug] [2021-03-01T21:09:22.036Z] [worker-~diagnostic~-b0d3a86b-aafe-4e3a-8fae-05eeb495134b]: exited {"metadata":{"emulator":{"name":"functions"},"message":"[worker-~diagnostic~-b0d3a86b-aafe-4e3a-8fae-05eeb495134b]: exited"}}
[debug] [2021-03-01T21:09:22.036Z] [worker-~diagnostic~-b0d3a86b-aafe-4e3a-8fae-05eeb495134b]: FINISHED {"metadata":{"emulator":{"name":"functions"},"message":"[worker-~diagnostic~-b0d3a86b-aafe-4e3a-8fae-05eeb495134b]: FINISHED"}}
[debug] [2021-03-01T21:10:46.807Z] ----------------------------------------------------------------------
[debug] [2021-03-01T21:10:46.809Z] Command:       /usr/local/bin/node /Users/AdamSue1/.npm/bin/firebase serve
[debug] [2021-03-01T21:10:46.809Z] CLI Version:   9.5.0
[debug] [2021-03-01T21:10:46.809Z] Platform:      darwin
[debug] [2021-03-01T21:10:46.809Z] Node Version:  v12.16.3
[debug] [2021-03-01T21:10:46.810Z] Time:          Mon Mar 01 2021 16:10:46 GMT-0500 (Eastern Standard Time)
[debug] [2021-03-01T21:10:46.810Z] ----------------------------------------------------------------------
[debug] [2021-03-01T21:10:46.811Z] 
[debug] [2021-03-01T21:10:46.818Z] > command requires scopes: ["email","openid","https://www.googleapis.com/auth/cloudplatformprojects.readonly","https://www.googleapis.com/auth/firebase","https://www.googleapis.com/auth/cloud-platform"]
[debug] [2021-03-01T21:10:46.818Z] > authorizing via signed-in user
[debug] [2021-03-01T21:10:46.818Z] [iam] checking project practice-tracker-80315 for permissions ["firebase.projects.get"]
[debug] [2021-03-01T21:10:46.820Z] > refreshing access token with scopes: ["email","https://www.googleapis.com/auth/cloud-platform","https://www.googleapis.com/auth/cloudplatformprojects.readonly","https://www.googleapis.com/auth/firebase","openid"]
[debug] [2021-03-01T21:10:46.821Z] >>> HTTP REQUEST POST https://www.googleapis.com/oauth2/v3/token  
 <request body omitted>
[debug] [2021-03-01T21:10:46.950Z] <<< HTTP RESPONSE 200 {"date":"Mon, 01 Mar 2021 21:10:46 GMT","cache-control":"no-cache, no-store, max-age=0, must-revalidate","expires":"Mon, 01 Jan 1990 00:00:00 GMT","pragma":"no-cache","content-type":"application/json; charset=utf-8","vary":"X-Origin, Referer, Origin,Accept-Encoding","server":"scaffolding on HTTPServer2","x-xss-protection":"0","x-frame-options":"SAMEORIGIN","x-content-type-options":"nosniff","alt-svc":"h3-29=\":443\"; ma=2592000,h3-T051=\":443\"; ma=2592000,h3-Q050=\":443\"; ma=2592000,h3-Q046=\":443\"; ma=2592000,h3-Q043=\":443\"; ma=2592000,quic=\":443\"; ma=2592000; v=\"46,43\"","accept-ranges":"none","transfer-encoding":"chunked"}
[debug] [2021-03-01T21:10:46.959Z] >>> HTTP REQUEST POST https://cloudresourcemanager.googleapis.com/v1/projects/practice-tracker-80315:testIamPermissions  
 {"permissions":["firebase.projects.get"]}
[debug] [2021-03-01T21:10:47.126Z] <<< HTTP RESPONSE 200 {"content-type":"application/json; charset=UTF-8","vary":"X-Origin, Referer, Origin,Accept-Encoding","date":"Mon, 01 Mar 2021 21:10:47 GMT","server":"ESF","cache-control":"private","x-xss-protection":"0","x-frame-options":"SAMEORIGIN","x-content-type-options":"nosniff","server-timing":"gfet4t7; dur=132","alt-svc":"h3-29=\":443\"; ma=2592000,h3-T051=\":443\"; ma=2592000,h3-Q050=\":443\"; ma=2592000,h3-Q046=\":443\"; ma=2592000,h3-Q043=\":443\"; ma=2592000,quic=\":443\"; ma=2592000; v=\"46,43\"","accept-ranges":"none","transfer-encoding":"chunked"}
[debug] [2021-03-01T21:10:47.129Z] > refreshing access token with scopes: []
[debug] [2021-03-01T21:10:47.129Z] >>> HTTP REQUEST POST https://www.googleapis.com/oauth2/v3/token  
 <request body omitted>
[debug] [2021-03-01T21:10:47.235Z] <<< HTTP RESPONSE 200 {"pragma":"no-cache","cache-control":"no-cache, no-store, max-age=0, must-revalidate","expires":"Mon, 01 Jan 1990 00:00:00 GMT","date":"Mon, 01 Mar 2021 21:10:47 GMT","content-type":"application/json; charset=utf-8","vary":"X-Origin, Referer, Origin,Accept-Encoding","server":"scaffolding on HTTPServer2","x-xss-protection":"0","x-frame-options":"SAMEORIGIN","x-content-type-options":"nosniff","alt-svc":"h3-29=\":443\"; ma=2592000,h3-T051=\":443\"; ma=2592000,h3-Q050=\":443\"; ma=2592000,h3-Q046=\":443\"; ma=2592000,h3-Q043=\":443\"; ma=2592000,quic=\":443\"; ma=2592000; v=\"46,43\"","accept-ranges":"none","transfer-encoding":"chunked"}
[debug] [2021-03-01T21:10:47.243Z] >>> [apiv2][query] GET https://firebase.googleapis.com/v1beta1/projects/practice-tracker-80315 [none]
[debug] [2021-03-01T21:10:47.459Z] <<< [apiv2][status] GET https://firebase.googleapis.com/v1beta1/projects/practice-tracker-80315 200
[debug] [2021-03-01T21:10:47.459Z] <<< [apiv2][body] GET https://firebase.googleapis.com/v1beta1/projects/practice-tracker-80315 {"projectId":"practice-tracker-80315","projectNumber":"833833349700","displayName":"Practice Tracker","name":"projects/practice-tracker-80315","resources":{"hostingSite":"practice-tracker-80315","realtimeDatabaseInstance":"practice-tracker-80315-default-rtdb","storageBucket":"practice-tracker-80315.appspot.com","locationId":"us-central"},"state":"ACTIVE"}
[info] 
[info] === Serving from '/Users/AdamSue1/Independent-Projects/Practice-Tracker'...
[info] 
[info] ✔  functions: Using node@12 from host. {"metadata":{"emulator":{"name":"functions"},"message":"Using node@12 from host."}}
[warn] ⚠  functions: Your GOOGLE_APPLICATION_CREDENTIALS environment variable points to /home/users/AdamSue1/Independent-Projects/Practice-Tracker/practice-tracker-80315-firebase-adminsdk-t350m-7a616b75a1.json. Non-emulated services will access production using these credentials. Be careful! {"metadata":{"emulator":{"name":"functions"},"message":"Your GOOGLE_APPLICATION_CREDENTIALS environment variable points to /home/users/AdamSue1/Independent-Projects/Practice-Tracker/practice-tracker-80315-firebase-adminsdk-t350m-7a616b75a1.json. Non-emulated services will access production using these credentials. Be careful!"}}
[debug] [2021-03-01T21:10:47.470Z] >>> [apiv2][query] GET https://firebase.googleapis.com/v1beta1/projects/practice-tracker-80315/adminSdkConfig [none]
[debug] [2021-03-01T21:10:47.689Z] <<< [apiv2][status] GET https://firebase.googleapis.com/v1beta1/projects/practice-tracker-80315/adminSdkConfig 200
[debug] [2021-03-01T21:10:47.689Z] <<< [apiv2][body] GET https://firebase.googleapis.com/v1beta1/projects/practice-tracker-80315/adminSdkConfig {"projectId":"practice-tracker-80315","databaseURL":"https://practice-tracker-80315-default-rtdb.firebaseio.com","storageBucket":"practice-tracker-80315.appspot.com","locationId":"us-central"}
[info] i  functions: Watching "/Users/AdamSue1/Independent-Projects/Practice-Tracker/functions" for Cloud Functions... {"metadata":{"emulator":{"name":"functions"},"message":"Watching \"/Users/AdamSue1/Independent-Projects/Practice-Tracker/functions\" for Cloud Functions..."}}
[debug] [2021-03-01T21:10:47.970Z] [worker-pool] addWorker(~diagnostic~) {"metadata":{"emulator":{"name":"functions"},"message":"[worker-pool] addWorker(~diagnostic~)"}}
[debug] [2021-03-01T21:10:47.970Z] [worker-pool] Adding worker with key ~diagnostic~, total=1 {"metadata":{"emulator":{"name":"functions"},"message":"[worker-pool] Adding worker with key ~diagnostic~, total=1"}}
[debug] [2021-03-01T21:10:47.970Z] [worker-pool] submitWork(triggerId=) {"metadata":{"emulator":{"name":"functions"},"message":"[worker-pool] submitWork(triggerId=)"}}
[debug] [2021-03-01T21:10:47.971Z] [worker-~diagnostic~-07a38ee7-f4dc-47c2-b524-d9fdfba4b0f6]: Assigning socketPath: /var/folders/5b/fvwksxrd7s124x2cghg9ngww0000gp/T/fire_emu_21551.sock {"metadata":{"emulator":{"name":"functions"},"message":"[worker-~diagnostic~-07a38ee7-f4dc-47c2-b524-d9fdfba4b0f6]: Assigning socketPath: /var/folders/5b/fvwksxrd7s124x2cghg9ngww0000gp/T/fire_emu_21551.sock"}}
[debug] [2021-03-01T21:10:47.971Z] [worker-~diagnostic~-07a38ee7-f4dc-47c2-b524-d9fdfba4b0f6]: BUSY {"metadata":{"emulator":{"name":"functions"},"message":"[worker-~diagnostic~-07a38ee7-f4dc-47c2-b524-d9fdfba4b0f6]: BUSY"}}
[debug] [2021-03-01T21:10:48.091Z] [runtime-status] [21551] Functions runtime initialized. {"cwd":"/Users/AdamSue1/Independent-Projects/Practice-Tracker/functions","node_version":"12.16.3"} {"metadata":{"emulator":{"name":"functions"},"message":"[runtime-status] [21551] Functions runtime initialized. {\"cwd\":\"/Users/AdamSue1/Independent-Projects/Practice-Tracker/functions\",\"node_version\":\"12.16.3\"}"}}
[debug] [2021-03-01T21:10:48.091Z] [runtime-status] [21551] Disabled runtime features: undefined {"metadata":{"emulator":{"name":"functions"},"message":"[runtime-status] [21551] Disabled runtime features: undefined"}}
[debug] [2021-03-01T21:10:48.093Z] [runtime-status] [21551] Resolved module firebase-admin {"declared":true,"installed":true,"version":"9.5.0","resolution":"/Users/AdamSue1/Independent-Projects/Practice-Tracker/functions/node_modules/firebase-admin/lib/index.js"} {"metadata":{"emulator":{"name":"functions"},"message":"[runtime-status] [21551] Resolved module firebase-admin {\"declared\":true,\"installed\":true,\"version\":\"9.5.0\",\"resolution\":\"/Users/AdamSue1/Independent-Projects/Practice-Tracker/functions/node_modules/firebase-admin/lib/index.js\"}"}}
[debug] [2021-03-01T21:10:48.093Z] [runtime-status] [21551] Resolved module firebase-functions {"declared":true,"installed":true,"version":"3.13.2","resolution":"/Users/AdamSue1/Independent-Projects/Practice-Tracker/functions/node_modules/firebase-functions/lib/index.js"} {"metadata":{"emulator":{"name":"functions"},"message":"[runtime-status] [21551] Resolved module firebase-functions {\"declared\":true,\"installed\":true,\"version\":\"3.13.2\",\"resolution\":\"/Users/AdamSue1/Independent-Projects/Practice-Tracker/functions/node_modules/firebase-functions/lib/index.js\"}"}}
[debug] [2021-03-01T21:10:48.094Z] [runtime-status] [21551] Resolved module firebase-functions {"declared":true,"installed":true,"version":"3.13.2","resolution":"/Users/AdamSue1/Independent-Projects/Practice-Tracker/functions/node_modules/firebase-functions/lib/index.js"} {"metadata":{"emulator":{"name":"functions"},"message":"[runtime-status] [21551] Resolved module firebase-functions {\"declared\":true,\"installed\":true,\"version\":\"3.13.2\",\"resolution\":\"/Users/AdamSue1/Independent-Projects/Practice-Tracker/functions/node_modules/firebase-functions/lib/index.js\"}"}}
[debug] [2021-03-01T21:10:48.096Z] [runtime-status] [21551] Outgoing network have been stubbed. [{"name":"http","status":"mocked"},{"name":"http","status":"mocked"},{"name":"https","status":"mocked"},{"name":"https","status":"mocked"},{"name":"net","status":"mocked"}] {"metadata":{"emulator":{"name":"functions"},"message":"[runtime-status] [21551] Outgoing network have been stubbed. [{\"name\":\"http\",\"status\":\"mocked\"},{\"name\":\"http\",\"status\":\"mocked\"},{\"name\":\"https\",\"status\":\"mocked\"},{\"name\":\"https\",\"status\":\"mocked\"},{\"name\":\"net\",\"status\":\"mocked\"}]"}}
[debug] [2021-03-01T21:10:48.096Z] [runtime-status] [21551] Resolved module firebase-functions {"declared":true,"installed":true,"version":"3.13.2","resolution":"/Users/AdamSue1/Independent-Projects/Practice-Tracker/functions/node_modules/firebase-functions/lib/index.js"} {"metadata":{"emulator":{"name":"functions"},"message":"[runtime-status] [21551] Resolved module firebase-functions {\"declared\":true,\"installed\":true,\"version\":\"3.13.2\",\"resolution\":\"/Users/AdamSue1/Independent-Projects/Practice-Tracker/functions/node_modules/firebase-functions/lib/index.js\"}"}}
[debug] [2021-03-01T21:10:48.126Z] [runtime-status] [21551] Checked functions.config() {"config":{}} {"metadata":{"emulator":{"name":"functions"},"message":"[runtime-status] [21551] Checked functions.config() {\"config\":{}}"}}
[debug] [2021-03-01T21:10:48.126Z] [runtime-status] [21551] firebase-functions has been stubbed. {"functionsResolution":{"declared":true,"installed":true,"version":"3.13.2","resolution":"/Users/AdamSue1/Independent-Projects/Practice-Tracker/functions/node_modules/firebase-functions/lib/index.js"}} {"metadata":{"emulator":{"name":"functions"},"message":"[runtime-status] [21551] firebase-functions has been stubbed. {\"functionsResolution\":{\"declared\":true,\"installed\":true,\"version\":\"3.13.2\",\"resolution\":\"/Users/AdamSue1/Independent-Projects/Practice-Tracker/functions/node_modules/firebase-functions/lib/index.js\"}}"}}
[debug] [2021-03-01T21:10:48.126Z] [runtime-status] [21551] Resolved module firebase-functions {"declared":true,"installed":true,"version":"3.13.2","resolution":"/Users/AdamSue1/Independent-Projects/Practice-Tracker/functions/node_modules/firebase-functions/lib/index.js"} {"metadata":{"emulator":{"name":"functions"},"message":"[runtime-status] [21551] Resolved module firebase-functions {\"declared\":true,\"installed\":true,\"version\":\"3.13.2\",\"resolution\":\"/Users/AdamSue1/Independent-Projects/Practice-Tracker/functions/node_modules/firebase-functions/lib/index.js\"}"}}
[debug] [2021-03-01T21:10:48.127Z] [runtime-status] [21551] Resolved module firebase-admin {"declared":true,"installed":true,"version":"9.5.0","resolution":"/Users/AdamSue1/Independent-Projects/Practice-Tracker/functions/node_modules/firebase-admin/lib/index.js"} {"metadata":{"emulator":{"name":"functions"},"message":"[runtime-status] [21551] Resolved module firebase-admin {\"declared\":true,\"installed\":true,\"version\":\"9.5.0\",\"resolution\":\"/Users/AdamSue1/Independent-Projects/Practice-Tracker/functions/node_modules/firebase-admin/lib/index.js\"}"}}
[debug] [2021-03-01T21:10:48.127Z] [runtime-status] [21551] Resolved module firebase-functions {"declared":true,"installed":true,"version":"3.13.2","resolution":"/Users/AdamSue1/Independent-Projects/Practice-Tracker/functions/node_modules/firebase-functions/lib/index.js"} {"metadata":{"emulator":{"name":"functions"},"message":"[runtime-status] [21551] Resolved module firebase-functions {\"declared\":true,\"installed\":true,\"version\":\"3.13.2\",\"resolution\":\"/Users/AdamSue1/Independent-Projects/Practice-Tracker/functions/node_modules/firebase-functions/lib/index.js\"}"}}
[debug] [2021-03-01T21:10:48.128Z] [runtime-status] [21551] firebase-admin has been stubbed. {"adminResolution":{"declared":true,"installed":true,"version":"9.5.0","resolution":"/Users/AdamSue1/Independent-Projects/Practice-Tracker/functions/node_modules/firebase-admin/lib/index.js"}} {"metadata":{"emulator":{"name":"functions"},"message":"[runtime-status] [21551] firebase-admin has been stubbed. {\"adminResolution\":{\"declared\":true,\"installed\":true,\"version\":\"9.5.0\",\"resolution\":\"/Users/AdamSue1/Independent-Projects/Practice-Tracker/functions/node_modules/firebase-admin/lib/index.js\"}}"}}
[warn] ⚠  Error: Failed to read credentials from file /home/users/AdamSue1/Independent-Projects/Practice-Tracker/practice-tracker-80315-firebase-adminsdk-t350m-7a616b75a1.json: Error: ENOENT: no such file or directory, open '/home/users/AdamSue1/Independent-Projects/Practice-Tracker/practice-tracker-80315-firebase-adminsdk-t350m-7a616b75a1.json'
    at FirebaseAppError.FirebaseError [as constructor] (/Users/AdamSue1/Independent-Projects/Practice-Tracker/functions/node_modules/firebase-admin/lib/utils/error.js:44:28)
    at FirebaseAppError.PrefixedFirebaseError [as constructor] (/Users/AdamSue1/Independent-Projects/Practice-Tracker/functions/node_modules/firebase-admin/lib/utils/error.js:90:28)
    at new FirebaseAppError (/Users/AdamSue1/Independent-Projects/Practice-Tracker/functions/node_modules/firebase-admin/lib/utils/error.js:125:28)
    at readCredentialFile (/Users/AdamSue1/Independent-Projects/Practice-Tracker/functions/node_modules/firebase-admin/lib/credential/credential-internal.js:383:15)
    at credentialFromFile (/Users/AdamSue1/Independent-Projects/Practice-Tracker/functions/node_modules/firebase-admin/lib/credential/credential-internal.js:362:27)
    at Object.getApplicationDefault (/Users/AdamSue1/Independent-Projects/Practice-Tracker/functions/node_modules/firebase-admin/lib/credential/credential-internal.js:295:16)
    at new FirebaseApp (/Users/AdamSue1/Independent-Projects/Practice-Tracker/functions/node_modules/firebase-admin/lib/firebase-app.js:195:62)
    at FirebaseNamespaceInternals.initializeApp (/Users/AdamSue1/Independent-Projects/Practice-Tracker/functions/node_modules/firebase-admin/lib/firebase-namespace.js:77:19)
    at FirebaseNamespace.initializeApp (/Users/AdamSue1/Independent-Projects/Practice-Tracker/functions/node_modules/firebase-admin/lib/firebase-namespace.js:355:30)
    at Proxy.<anonymous> (/Users/AdamSue1/.npm/lib/node_modules/firebase-tools/lib/emulator/functionsEmulatorRuntime.js:310:74) {"metadata":{"emulator":{"name":"functions"},"message":"Error: Failed to read credentials from file /home/users/AdamSue1/Independent-Projects/Practice-Tracker/practice-tracker-80315-firebase-adminsdk-t350m-7a616b75a1.json: Error: ENOENT: no such file or directory, open '/home/users/AdamSue1/Independent-Projects/Practice-Tracker/practice-tracker-80315-firebase-adminsdk-t350m-7a616b75a1.json'\n    at FirebaseAppError.FirebaseError [as constructor] (/Users/AdamSue1/Independent-Projects/Practice-Tracker/functions/node_modules/firebase-admin/lib/utils/error.js:44:28)\n    at FirebaseAppError.PrefixedFirebaseError [as constructor] (/Users/AdamSue1/Independent-Projects/Practice-Tracker/functions/node_modules/firebase-admin/lib/utils/error.js:90:28)\n    at new FirebaseAppError (/Users/AdamSue1/Independent-Projects/Practice-Tracker/functions/node_modules/firebase-admin/lib/utils/error.js:125:28)\n    at readCredentialFile (/Users/AdamSue1/Independent-Projects/Practice-Tracker/functions/node_modules/firebase-admin/lib/credential/credential-internal.js:383:15)\n    at credentialFromFile (/Users/AdamSue1/Independent-Projects/Practice-Tracker/functions/node_modules/firebase-admin/lib/credential/credential-internal.js:362:27)\n    at Object.getApplicationDefault (/Users/AdamSue1/Independent-Projects/Practice-Tracker/functions/node_modules/firebase-admin/lib/credential/credential-internal.js:295:16)\n    at new FirebaseApp (/Users/AdamSue1/Independent-Projects/Practice-Tracker/functions/node_modules/firebase-admin/lib/firebase-app.js:195:62)\n    at FirebaseNamespaceInternals.initializeApp (/Users/AdamSue1/Independent-Projects/Practice-Tracker/functions/node_modules/firebase-admin/lib/firebase-namespace.js:77:19)\n    at FirebaseNamespace.initializeApp (/Users/AdamSue1/Independent-Projects/Practice-Tracker/functions/node_modules/firebase-admin/lib/firebase-namespace.js:355:30)\n    at Proxy.<anonymous> (/Users/AdamSue1/.npm/lib/node_modules/firebase-tools/lib/emulator/functionsEmulatorRuntime.js:310:74)"}}
[warn] ⚠  We were unable to load your functions code. (see above) {"metadata":{"emulator":{"name":"functions"}}}
[debug] [2021-03-01T21:10:48.218Z] [worker-~diagnostic~-07a38ee7-f4dc-47c2-b524-d9fdfba4b0f6]: exited {"metadata":{"emulator":{"name":"functions"},"message":"[worker-~diagnostic~-07a38ee7-f4dc-47c2-b524-d9fdfba4b0f6]: exited"}}
[debug] [2021-03-01T21:10:48.218Z] [worker-~diagnostic~-07a38ee7-f4dc-47c2-b524-d9fdfba4b0f6]: FINISHED {"metadata":{"emulator":{"name":"functions"},"message":"[worker-~diagnostic~-07a38ee7-f4dc-47c2-b524-d9fdfba4b0f6]: FINISHED"}}
[debug] [2021-03-01T21:12:45.596Z] ----------------------------------------------------------------------
[debug] [2021-03-01T21:12:45.598Z] Command:       /usr/local/bin/node /Users/AdamSue1/.npm/bin/firebase serve
[debug] [2021-03-01T21:12:45.599Z] CLI Version:   9.5.0
[debug] [2021-03-01T21:12:45.599Z] Platform:      darwin
[debug] [2021-03-01T21:12:45.599Z] Node Version:  v12.16.3
[debug] [2021-03-01T21:12:45.600Z] Time:          Mon Mar 01 2021 16:12:45 GMT-0500 (Eastern Standard Time)
[debug] [2021-03-01T21:12:45.600Z] ----------------------------------------------------------------------
[debug] [2021-03-01T21:12:45.600Z] 
[debug] [2021-03-01T21:12:45.608Z] > command requires scopes: ["email","openid","https://www.googleapis.com/auth/cloudplatformprojects.readonly","https://www.googleapis.com/auth/firebase","https://www.googleapis.com/auth/cloud-platform"]
[debug] [2021-03-01T21:12:45.608Z] > authorizing via signed-in user
[debug] [2021-03-01T21:12:45.608Z] [iam] checking project practice-tracker-80315 for permissions ["firebase.projects.get"]
[debug] [2021-03-01T21:12:45.610Z] > refreshing access token with scopes: ["email","https://www.googleapis.com/auth/cloud-platform","https://www.googleapis.com/auth/cloudplatformprojects.readonly","https://www.googleapis.com/auth/firebase","openid"]
[debug] [2021-03-01T21:12:45.610Z] >>> HTTP REQUEST POST https://www.googleapis.com/oauth2/v3/token  
 <request body omitted>
[debug] [2021-03-01T21:12:45.732Z] <<< HTTP RESPONSE 200 {"cache-control":"no-cache, no-store, max-age=0, must-revalidate","pragma":"no-cache","expires":"Mon, 01 Jan 1990 00:00:00 GMT","date":"Mon, 01 Mar 2021 21:12:45 GMT","content-type":"application/json; charset=utf-8","vary":"X-Origin, Referer, Origin,Accept-Encoding","server":"scaffolding on HTTPServer2","x-xss-protection":"0","x-frame-options":"SAMEORIGIN","x-content-type-options":"nosniff","alt-svc":"h3-29=\":443\"; ma=2592000,h3-T051=\":443\"; ma=2592000,h3-Q050=\":443\"; ma=2592000,h3-Q046=\":443\"; ma=2592000,h3-Q043=\":443\"; ma=2592000,quic=\":443\"; ma=2592000; v=\"46,43\"","accept-ranges":"none","transfer-encoding":"chunked"}
[debug] [2021-03-01T21:12:45.748Z] >>> HTTP REQUEST POST https://cloudresourcemanager.googleapis.com/v1/projects/practice-tracker-80315:testIamPermissions  
 {"permissions":["firebase.projects.get"]}
[debug] [2021-03-01T21:12:45.911Z] <<< HTTP RESPONSE 200 {"content-type":"application/json; charset=UTF-8","vary":"X-Origin, Referer, Origin,Accept-Encoding","date":"Mon, 01 Mar 2021 21:12:45 GMT","server":"ESF","cache-control":"private","x-xss-protection":"0","x-frame-options":"SAMEORIGIN","x-content-type-options":"nosniff","server-timing":"gfet4t7; dur=130","alt-svc":"h3-29=\":443\"; ma=2592000,h3-T051=\":443\"; ma=2592000,h3-Q050=\":443\"; ma=2592000,h3-Q046=\":443\"; ma=2592000,h3-Q043=\":443\"; ma=2592000,quic=\":443\"; ma=2592000; v=\"46,43\"","accept-ranges":"none","transfer-encoding":"chunked"}
[debug] [2021-03-01T21:12:45.914Z] > refreshing access token with scopes: []
[debug] [2021-03-01T21:12:45.914Z] >>> HTTP REQUEST POST https://www.googleapis.com/oauth2/v3/token  
 <request body omitted>
[debug] [2021-03-01T21:12:45.983Z] <<< HTTP RESPONSE 200 {"expires":"Mon, 01 Jan 1990 00:00:00 GMT","date":"Mon, 01 Mar 2021 21:12:45 GMT","cache-control":"no-cache, no-store, max-age=0, must-revalidate","pragma":"no-cache","content-type":"application/json; charset=utf-8","vary":"X-Origin, Referer, Origin,Accept-Encoding","server":"scaffolding on HTTPServer2","x-xss-protection":"0","x-frame-options":"SAMEORIGIN","x-content-type-options":"nosniff","alt-svc":"h3-29=\":443\"; ma=2592000,h3-T051=\":443\"; ma=2592000,h3-Q050=\":443\"; ma=2592000,h3-Q046=\":443\"; ma=2592000,h3-Q043=\":443\"; ma=2592000,quic=\":443\"; ma=2592000; v=\"46,43\"","accept-ranges":"none","transfer-encoding":"chunked"}
[debug] [2021-03-01T21:12:45.998Z] >>> [apiv2][query] GET https://firebase.googleapis.com/v1beta1/projects/practice-tracker-80315 [none]
[debug] [2021-03-01T21:12:46.162Z] <<< [apiv2][status] GET https://firebase.googleapis.com/v1beta1/projects/practice-tracker-80315 200
[debug] [2021-03-01T21:12:46.163Z] <<< [apiv2][body] GET https://firebase.googleapis.com/v1beta1/projects/practice-tracker-80315 {"projectId":"practice-tracker-80315","projectNumber":"833833349700","displayName":"Practice Tracker","name":"projects/practice-tracker-80315","resources":{"hostingSite":"practice-tracker-80315","realtimeDatabaseInstance":"practice-tracker-80315-default-rtdb","storageBucket":"practice-tracker-80315.appspot.com","locationId":"us-central"},"state":"ACTIVE"}
[info] 
[info] === Serving from '/Users/AdamSue1/Independent-Projects/Practice-Tracker'...
[info] 
[info] ✔  functions: Using node@12 from host. {"metadata":{"emulator":{"name":"functions"},"message":"Using node@12 from host."}}
[warn] ⚠  functions: Your GOOGLE_APPLICATION_CREDENTIALS environment variable points to /Users/AdamSue1/Independent-Projects/Practice-Tracker/practice-tracker-80315-firebase-adminsdk-t350m-7a616b75a1.json. Non-emulated services will access production using these credentials. Be careful! {"metadata":{"emulator":{"name":"functions"},"message":"Your GOOGLE_APPLICATION_CREDENTIALS environment variable points to /Users/AdamSue1/Independent-Projects/Practice-Tracker/practice-tracker-80315-firebase-adminsdk-t350m-7a616b75a1.json. Non-emulated services will access production using these credentials. Be careful!"}}
[debug] [2021-03-01T21:12:46.173Z] >>> [apiv2][query] GET https://firebase.googleapis.com/v1beta1/projects/practice-tracker-80315/adminSdkConfig [none]
[debug] [2021-03-01T21:12:46.354Z] <<< [apiv2][status] GET https://firebase.googleapis.com/v1beta1/projects/practice-tracker-80315/adminSdkConfig 200
[debug] [2021-03-01T21:12:46.354Z] <<< [apiv2][body] GET https://firebase.googleapis.com/v1beta1/projects/practice-tracker-80315/adminSdkConfig {"projectId":"practice-tracker-80315","databaseURL":"https://practice-tracker-80315-default-rtdb.firebaseio.com","storageBucket":"practice-tracker-80315.appspot.com","locationId":"us-central"}
[info] i  functions: Watching "/Users/AdamSue1/Independent-Projects/Practice-Tracker/functions" for Cloud Functions... {"metadata":{"emulator":{"name":"functions"},"message":"Watching \"/Users/AdamSue1/Independent-Projects/Practice-Tracker/functions\" for Cloud Functions..."}}
[debug] [2021-03-01T21:12:46.385Z] [worker-pool] addWorker(~diagnostic~) {"metadata":{"emulator":{"name":"functions"},"message":"[worker-pool] addWorker(~diagnostic~)"}}
[debug] [2021-03-01T21:12:46.386Z] [worker-pool] Adding worker with key ~diagnostic~, total=1 {"metadata":{"emulator":{"name":"functions"},"message":"[worker-pool] Adding worker with key ~diagnostic~, total=1"}}
[debug] [2021-03-01T21:12:46.386Z] [worker-pool] submitWork(triggerId=) {"metadata":{"emulator":{"name":"functions"},"message":"[worker-pool] submitWork(triggerId=)"}}
[debug] [2021-03-01T21:12:46.386Z] [worker-~diagnostic~-9b69c42e-d900-4127-a877-4973377c9062]: Assigning socketPath: /var/folders/5b/fvwksxrd7s124x2cghg9ngww0000gp/T/fire_emu_21704.sock {"metadata":{"emulator":{"name":"functions"},"message":"[worker-~diagnostic~-9b69c42e-d900-4127-a877-4973377c9062]: Assigning socketPath: /var/folders/5b/fvwksxrd7s124x2cghg9ngww0000gp/T/fire_emu_21704.sock"}}
[debug] [2021-03-01T21:12:46.387Z] [worker-~diagnostic~-9b69c42e-d900-4127-a877-4973377c9062]: BUSY {"metadata":{"emulator":{"name":"functions"},"message":"[worker-~diagnostic~-9b69c42e-d900-4127-a877-4973377c9062]: BUSY"}}
[debug] [2021-03-01T21:12:46.505Z] [runtime-status] [21704] Functions runtime initialized. {"cwd":"/Users/AdamSue1/Independent-Projects/Practice-Tracker/functions","node_version":"12.16.3"} {"metadata":{"emulator":{"name":"functions"},"message":"[runtime-status] [21704] Functions runtime initialized. {\"cwd\":\"/Users/AdamSue1/Independent-Projects/Practice-Tracker/functions\",\"node_version\":\"12.16.3\"}"}}
[debug] [2021-03-01T21:12:46.506Z] [runtime-status] [21704] Disabled runtime features: undefined {"metadata":{"emulator":{"name":"functions"},"message":"[runtime-status] [21704] Disabled runtime features: undefined"}}
[debug] [2021-03-01T21:12:46.509Z] [runtime-status] [21704] Resolved module firebase-admin {"declared":true,"installed":true,"version":"9.5.0","resolution":"/Users/AdamSue1/Independent-Projects/Practice-Tracker/functions/node_modules/firebase-admin/lib/index.js"} {"metadata":{"emulator":{"name":"functions"},"message":"[runtime-status] [21704] Resolved module firebase-admin {\"declared\":true,\"installed\":true,\"version\":\"9.5.0\",\"resolution\":\"/Users/AdamSue1/Independent-Projects/Practice-Tracker/functions/node_modules/firebase-admin/lib/index.js\"}"}}
[debug] [2021-03-01T21:12:46.509Z] [runtime-status] [21704] Resolved module firebase-functions {"declared":true,"installed":true,"version":"3.13.2","resolution":"/Users/AdamSue1/Independent-Projects/Practice-Tracker/functions/node_modules/firebase-functions/lib/index.js"} {"metadata":{"emulator":{"name":"functions"},"message":"[runtime-status] [21704] Resolved module firebase-functions {\"declared\":true,\"installed\":true,\"version\":\"3.13.2\",\"resolution\":\"/Users/AdamSue1/Independent-Projects/Practice-Tracker/functions/node_modules/firebase-functions/lib/index.js\"}"}}
[debug] [2021-03-01T21:12:46.510Z] [runtime-status] [21704] Resolved module firebase-functions {"declared":true,"installed":true,"version":"3.13.2","resolution":"/Users/AdamSue1/Independent-Projects/Practice-Tracker/functions/node_modules/firebase-functions/lib/index.js"} {"metadata":{"emulator":{"name":"functions"},"message":"[runtime-status] [21704] Resolved module firebase-functions {\"declared\":true,\"installed\":true,\"version\":\"3.13.2\",\"resolution\":\"/Users/AdamSue1/Independent-Projects/Practice-Tracker/functions/node_modules/firebase-functions/lib/index.js\"}"}}
[debug] [2021-03-01T21:12:46.511Z] [runtime-status] [21704] Outgoing network have been stubbed. [{"name":"http","status":"mocked"},{"name":"http","status":"mocked"},{"name":"https","status":"mocked"},{"name":"https","status":"mocked"},{"name":"net","status":"mocked"}] {"metadata":{"emulator":{"name":"functions"},"message":"[runtime-status] [21704] Outgoing network have been stubbed. [{\"name\":\"http\",\"status\":\"mocked\"},{\"name\":\"http\",\"status\":\"mocked\"},{\"name\":\"https\",\"status\":\"mocked\"},{\"name\":\"https\",\"status\":\"mocked\"},{\"name\":\"net\",\"status\":\"mocked\"}]"}}
[debug] [2021-03-01T21:12:46.512Z] [runtime-status] [21704] Resolved module firebase-functions {"declared":true,"installed":true,"version":"3.13.2","resolution":"/Users/AdamSue1/Independent-Projects/Practice-Tracker/functions/node_modules/firebase-functions/lib/index.js"} {"metadata":{"emulator":{"name":"functions"},"message":"[runtime-status] [21704] Resolved module firebase-functions {\"declared\":true,\"installed\":true,\"version\":\"3.13.2\",\"resolution\":\"/Users/AdamSue1/Independent-Projects/Practice-Tracker/functions/node_modules/firebase-functions/lib/index.js\"}"}}
[debug] [2021-03-01T21:12:46.541Z] [runtime-status] [21704] Checked functions.config() {"config":{}} {"metadata":{"emulator":{"name":"functions"},"message":"[runtime-status] [21704] Checked functions.config() {\"config\":{}}"}}
[debug] [2021-03-01T21:12:46.541Z] [runtime-status] [21704] firebase-functions has been stubbed. {"functionsResolution":{"declared":true,"installed":true,"version":"3.13.2","resolution":"/Users/AdamSue1/Independent-Projects/Practice-Tracker/functions/node_modules/firebase-functions/lib/index.js"}} {"metadata":{"emulator":{"name":"functions"},"message":"[runtime-status] [21704] firebase-functions has been stubbed. {\"functionsResolution\":{\"declared\":true,\"installed\":true,\"version\":\"3.13.2\",\"resolution\":\"/Users/AdamSue1/Independent-Projects/Practice-Tracker/functions/node_modules/firebase-functions/lib/index.js\"}}"}}
[debug] [2021-03-01T21:12:46.542Z] [runtime-status] [21704] Resolved module firebase-functions {"declared":true,"installed":true,"version":"3.13.2","resolution":"/Users/AdamSue1/Independent-Projects/Practice-Tracker/functions/node_modules/firebase-functions/lib/index.js"} {"metadata":{"emulator":{"name":"functions"},"message":"[runtime-status] [21704] Resolved module firebase-functions {\"declared\":true,\"installed\":true,\"version\":\"3.13.2\",\"resolution\":\"/Users/AdamSue1/Independent-Projects/Practice-Tracker/functions/node_modules/firebase-functions/lib/index.js\"}"}}
[debug] [2021-03-01T21:12:46.542Z] [runtime-status] [21704] Resolved module firebase-admin {"declared":true,"installed":true,"version":"9.5.0","resolution":"/Users/AdamSue1/Independent-Projects/Practice-Tracker/functions/node_modules/firebase-admin/lib/index.js"} {"metadata":{"emulator":{"name":"functions"},"message":"[runtime-status] [21704] Resolved module firebase-admin {\"declared\":true,\"installed\":true,\"version\":\"9.5.0\",\"resolution\":\"/Users/AdamSue1/Independent-Projects/Practice-Tracker/functions/node_modules/firebase-admin/lib/index.js\"}"}}
[debug] [2021-03-01T21:12:46.543Z] [runtime-status] [21704] Resolved module firebase-functions {"declared":true,"installed":true,"version":"3.13.2","resolution":"/Users/AdamSue1/Independent-Projects/Practice-Tracker/functions/node_modules/firebase-functions/lib/index.js"} {"metadata":{"emulator":{"name":"functions"},"message":"[runtime-status] [21704] Resolved module firebase-functions {\"declared\":true,\"installed\":true,\"version\":\"3.13.2\",\"resolution\":\"/Users/AdamSue1/Independent-Projects/Practice-Tracker/functions/node_modules/firebase-functions/lib/index.js\"}"}}
[debug] [2021-03-01T21:12:46.543Z] [runtime-status] [21704] firebase-admin has been stubbed. {"adminResolution":{"declared":true,"installed":true,"version":"9.5.0","resolution":"/Users/AdamSue1/Independent-Projects/Practice-Tracker/functions/node_modules/firebase-admin/lib/index.js"}} {"metadata":{"emulator":{"name":"functions"},"message":"[runtime-status] [21704] firebase-admin has been stubbed. {\"adminResolution\":{\"declared\":true,\"installed\":true,\"version\":\"9.5.0\",\"resolution\":\"/Users/AdamSue1/Independent-Projects/Practice-Tracker/functions/node_modules/firebase-admin/lib/index.js\"}}"}}
[debug] [2021-03-01T21:12:46.630Z] [runtime-status] [21704] initializeApp(DEFAULT) {"storageBucket":"practice-tracker-80315.appspot.com","databaseURL":"https://practice-tracker-80315-default-rtdb.firebaseio.com","projectId":"practice-tracker-80315"} {"metadata":{"emulator":{"name":"functions"},"message":"[runtime-status] [21704] initializeApp(DEFAULT) {\"storageBucket\":\"practice-tracker-80315.appspot.com\",\"databaseURL\":\"https://practice-tracker-80315-default-rtdb.firebaseio.com\",\"projectId\":\"practice-tracker-80315\"}"}}
[warn] ⚠  functions: The Cloud Firestore emulator is not running, so calls to Firestore will affect production. {"metadata":{"emulator":{"name":"functions"},"message":"The Cloud Firestore emulator is not running, so calls to Firestore will affect production."}}
[info] ✔  functions[api]: http function initialized (http://localhost:5000/practice-tracker-80315/us-central1/api). {"metadata":{"emulator":{"name":"functions"},"message":"\u001b[1mhttp\u001b[22m function initialized (http://localhost:5000/practice-tracker-80315/us-central1/api)."}}
[debug] [2021-03-01T21:12:46.796Z] [worker-~diagnostic~-9b69c42e-d900-4127-a877-4973377c9062]: IDLE {"metadata":{"emulator":{"name":"functions"},"message":"[worker-~diagnostic~-9b69c42e-d900-4127-a877-4973377c9062]: IDLE"}}
[debug] [2021-03-01T21:12:54.322Z] [work-queue] {"queueLength":1,"workRunningCount":0}
[debug] [2021-03-01T21:12:54.323Z] [work-queue] {"queueLength":0,"workRunningCount":1}
[debug] [2021-03-01T21:12:54.323Z] Accepted request GET /practice-tracker-80315/us-central1/api/todos --> api
[debug] [2021-03-01T21:12:54.327Z] [worker-pool] addWorker(api) {"metadata":{"emulator":{"name":"functions"},"message":"[worker-pool] addWorker(api)"}}
[debug] [2021-03-01T21:12:54.327Z] [worker-pool] Adding worker with key api, total=1 {"metadata":{"emulator":{"name":"functions"},"message":"[worker-pool] Adding worker with key api, total=1"}}
[debug] [2021-03-01T21:12:54.327Z] [worker-pool] submitWork(triggerId=api) {"metadata":{"emulator":{"name":"functions"},"message":"[worker-pool] submitWork(triggerId=api)"}}
[debug] [2021-03-01T21:12:54.327Z] [worker-api-93955009-2a82-4ecd-ae01-e0f381557f9e]: Assigning socketPath: /var/folders/5b/fvwksxrd7s124x2cghg9ngww0000gp/T/fire_emu_21709.sock {"metadata":{"emulator":{"name":"functions"},"message":"[worker-api-93955009-2a82-4ecd-ae01-e0f381557f9e]: Assigning socketPath: /var/folders/5b/fvwksxrd7s124x2cghg9ngww0000gp/T/fire_emu_21709.sock"}}
[debug] [2021-03-01T21:12:54.327Z] [worker-api-93955009-2a82-4ecd-ae01-e0f381557f9e]: BUSY {"metadata":{"emulator":{"name":"functions"},"message":"[worker-api-93955009-2a82-4ecd-ae01-e0f381557f9e]: BUSY"}}
[debug] [2021-03-01T21:12:54.450Z] [runtime-status] [21709] Functions runtime initialized. {"cwd":"/Users/AdamSue1/Independent-Projects/Practice-Tracker/functions","node_version":"12.16.3"} {"metadata":{"emulator":{"name":"functions"},"function":{"name":"api"},"message":"[runtime-status] [21709] Functions runtime initialized. {\"cwd\":\"/Users/AdamSue1/Independent-Projects/Practice-Tracker/functions\",\"node_version\":\"12.16.3\"}"}}
[debug] [2021-03-01T21:12:54.451Z] [runtime-status] [21709] Disabled runtime features: undefined {"metadata":{"emulator":{"name":"functions"},"function":{"name":"api"},"message":"[runtime-status] [21709] Disabled runtime features: undefined"}}
[debug] [2021-03-01T21:12:54.454Z] [runtime-status] [21709] Resolved module firebase-admin {"declared":true,"installed":true,"version":"9.5.0","resolution":"/Users/AdamSue1/Independent-Projects/Practice-Tracker/functions/node_modules/firebase-admin/lib/index.js"} {"metadata":{"emulator":{"name":"functions"},"function":{"name":"api"},"message":"[runtime-status] [21709] Resolved module firebase-admin {\"declared\":true,\"installed\":true,\"version\":\"9.5.0\",\"resolution\":\"/Users/AdamSue1/Independent-Projects/Practice-Tracker/functions/node_modules/firebase-admin/lib/index.js\"}"}}
[debug] [2021-03-01T21:12:54.455Z] [runtime-status] [21709] Resolved module firebase-functions {"declared":true,"installed":true,"version":"3.13.2","resolution":"/Users/AdamSue1/Independent-Projects/Practice-Tracker/functions/node_modules/firebase-functions/lib/index.js"} {"metadata":{"emulator":{"name":"functions"},"function":{"name":"api"},"message":"[runtime-status] [21709] Resolved module firebase-functions {\"declared\":true,\"installed\":true,\"version\":\"3.13.2\",\"resolution\":\"/Users/AdamSue1/Independent-Projects/Practice-Tracker/functions/node_modules/firebase-functions/lib/index.js\"}"}}
[debug] [2021-03-01T21:12:54.455Z] [runtime-status] [21709] Resolved module firebase-functions {"declared":true,"installed":true,"version":"3.13.2","resolution":"/Users/AdamSue1/Independent-Projects/Practice-Tracker/functions/node_modules/firebase-functions/lib/index.js"} {"metadata":{"emulator":{"name":"functions"},"function":{"name":"api"},"message":"[runtime-status] [21709] Resolved module firebase-functions {\"declared\":true,\"installed\":true,\"version\":\"3.13.2\",\"resolution\":\"/Users/AdamSue1/Independent-Projects/Practice-Tracker/functions/node_modules/firebase-functions/lib/index.js\"}"}}
[debug] [2021-03-01T21:12:54.457Z] [runtime-status] [21709] Outgoing network have been stubbed. [{"name":"http","status":"mocked"},{"name":"http","status":"mocked"},{"name":"https","status":"mocked"},{"name":"https","status":"mocked"},{"name":"net","status":"mocked"}] {"metadata":{"emulator":{"name":"functions"},"function":{"name":"api"},"message":"[runtime-status] [21709] Outgoing network have been stubbed. [{\"name\":\"http\",\"status\":\"mocked\"},{\"name\":\"http\",\"status\":\"mocked\"},{\"name\":\"https\",\"status\":\"mocked\"},{\"name\":\"https\",\"status\":\"mocked\"},{\"name\":\"net\",\"status\":\"mocked\"}]"}}
[debug] [2021-03-01T21:12:54.457Z] [runtime-status] [21709] Resolved module firebase-functions {"declared":true,"installed":true,"version":"3.13.2","resolution":"/Users/AdamSue1/Independent-Projects/Practice-Tracker/functions/node_modules/firebase-functions/lib/index.js"} {"metadata":{"emulator":{"name":"functions"},"function":{"name":"api"},"message":"[runtime-status] [21709] Resolved module firebase-functions {\"declared\":true,\"installed\":true,\"version\":\"3.13.2\",\"resolution\":\"/Users/AdamSue1/Independent-Projects/Practice-Tracker/functions/node_modules/firebase-functions/lib/index.js\"}"}}
[debug] [2021-03-01T21:12:54.488Z] [runtime-status] [21709] Checked functions.config() {"config":{}} {"metadata":{"emulator":{"name":"functions"},"function":{"name":"api"},"message":"[runtime-status] [21709] Checked functions.config() {\"config\":{}}"}}
[debug] [2021-03-01T21:12:54.488Z] [runtime-status] [21709] firebase-functions has been stubbed. {"functionsResolution":{"declared":true,"installed":true,"version":"3.13.2","resolution":"/Users/AdamSue1/Independent-Projects/Practice-Tracker/functions/node_modules/firebase-functions/lib/index.js"}} {"metadata":{"emulator":{"name":"functions"},"function":{"name":"api"},"message":"[runtime-status] [21709] firebase-functions has been stubbed. {\"functionsResolution\":{\"declared\":true,\"installed\":true,\"version\":\"3.13.2\",\"resolution\":\"/Users/AdamSue1/Independent-Projects/Practice-Tracker/functions/node_modules/firebase-functions/lib/index.js\"}}"}}
[debug] [2021-03-01T21:12:54.488Z] [runtime-status] [21709] Resolved module firebase-functions {"declared":true,"installed":true,"version":"3.13.2","resolution":"/Users/AdamSue1/Independent-Projects/Practice-Tracker/functions/node_modules/firebase-functions/lib/index.js"} {"metadata":{"emulator":{"name":"functions"},"function":{"name":"api"},"message":"[runtime-status] [21709] Resolved module firebase-functions {\"declared\":true,\"installed\":true,\"version\":\"3.13.2\",\"resolution\":\"/Users/AdamSue1/Independent-Projects/Practice-Tracker/functions/node_modules/firebase-functions/lib/index.js\"}"}}
[debug] [2021-03-01T21:12:54.489Z] [runtime-status] [21709] Resolved module firebase-admin {"declared":true,"installed":true,"version":"9.5.0","resolution":"/Users/AdamSue1/Independent-Projects/Practice-Tracker/functions/node_modules/firebase-admin/lib/index.js"} {"metadata":{"emulator":{"name":"functions"},"function":{"name":"api"},"message":"[runtime-status] [21709] Resolved module firebase-admin {\"declared\":true,\"installed\":true,\"version\":\"9.5.0\",\"resolution\":\"/Users/AdamSue1/Independent-Projects/Practice-Tracker/functions/node_modules/firebase-admin/lib/index.js\"}"}}
[debug] [2021-03-01T21:12:54.489Z] [runtime-status] [21709] Resolved module firebase-functions {"declared":true,"installed":true,"version":"3.13.2","resolution":"/Users/AdamSue1/Independent-Projects/Practice-Tracker/functions/node_modules/firebase-functions/lib/index.js"} {"metadata":{"emulator":{"name":"functions"},"function":{"name":"api"},"message":"[runtime-status] [21709] Resolved module firebase-functions {\"declared\":true,\"installed\":true,\"version\":\"3.13.2\",\"resolution\":\"/Users/AdamSue1/Independent-Projects/Practice-Tracker/functions/node_modules/firebase-functions/lib/index.js\"}"}}
[debug] [2021-03-01T21:12:54.489Z] [runtime-status] [21709] firebase-admin has been stubbed. {"adminResolution":{"declared":true,"installed":true,"version":"9.5.0","resolution":"/Users/AdamSue1/Independent-Projects/Practice-Tracker/functions/node_modules/firebase-admin/lib/index.js"}} {"metadata":{"emulator":{"name":"functions"},"function":{"name":"api"},"message":"[runtime-status] [21709] firebase-admin has been stubbed. {\"adminResolution\":{\"declared\":true,\"installed\":true,\"version\":\"9.5.0\",\"resolution\":\"/Users/AdamSue1/Independent-Projects/Practice-Tracker/functions/node_modules/firebase-admin/lib/index.js\"}}"}}
[debug] [2021-03-01T21:12:54.577Z] [runtime-status] [21709] initializeApp(DEFAULT) {"storageBucket":"practice-tracker-80315.appspot.com","databaseURL":"https://practice-tracker-80315-default-rtdb.firebaseio.com","projectId":"practice-tracker-80315"} {"metadata":{"emulator":{"name":"functions"},"function":{"name":"api"},"message":"[runtime-status] [21709] initializeApp(DEFAULT) {\"storageBucket\":\"practice-tracker-80315.appspot.com\",\"databaseURL\":\"https://practice-tracker-80315-default-rtdb.firebaseio.com\",\"projectId\":\"practice-tracker-80315\"}"}}
[debug] [2021-03-01T21:12:54.737Z] [runtime-status] [21709] Trigger "api" has been found, beginning invocation! {"metadata":{"emulator":{"name":"functions"},"function":{"name":"api"},"message":"[runtime-status] [21709] Trigger \"api\" has been found, beginning invocation!"}}
[info] i  functions: Beginning execution of "api" {"metadata":{"emulator":{"name":"functions"},"function":{"name":"api"},"message":"Beginning execution of \"api\""}}
[debug] [2021-03-01T21:12:54.738Z] [runtime-status] [21709] triggerDefinition {"httpsTrigger":{},"name":"api","entryPoint":"api"} {"metadata":{"emulator":{"name":"functions"},"function":{"name":"api"},"message":"[runtime-status] [21709] triggerDefinition {\"httpsTrigger\":{},\"name\":\"api\",\"entryPoint\":\"api\"}"}}
[debug] [2021-03-01T21:12:54.738Z] [runtime-status] [21709] Running api in mode HTTPS {"metadata":{"emulator":{"name":"functions"},"function":{"name":"api"},"message":"[runtime-status] [21709] Running api in mode HTTPS"}}
[debug] [2021-03-01T21:12:54.741Z] [runtime-status] [21709] Attempting to listen to socketPath: /var/folders/5b/fvwksxrd7s124x2cghg9ngww0000gp/T/fire_emu_21709.sock {"metadata":{"emulator":{"name":"functions"},"function":{"name":"api"},"message":"[runtime-status] [21709] Attempting to listen to socketPath: /var/folders/5b/fvwksxrd7s124x2cghg9ngww0000gp/T/fire_emu_21709.sock"}}
[debug] [2021-03-01T21:12:54.745Z] [functions] Runtime ready! Sending request! {"metadata":{"emulator":{"name":"functions"},"message":"[functions] Runtime ready! Sending request!"}}
[debug] [2021-03-01T21:12:54.746Z] [functions] Got req.url=/practice-tracker-80315/us-central1/api/todos, mapping to path=/todos {"metadata":{"emulator":{"name":"functions"},"message":"[functions] Got req.url=/practice-tracker-80315/us-central1/api/todos, mapping to path=/todos"}}
[debug] [2021-03-01T21:12:54.751Z] [runtime-status] [21709] Ephemeral server handling GET request {"metadata":{"emulator":{"name":"functions"},"function":{"name":"api"},"message":"[runtime-status] [21709] Ephemeral server handling GET request"}}
[debug] [2021-03-01T21:12:54.755Z] [runtime-status] [21709] Ephemeral server survived. {"metadata":{"emulator":{"name":"functions"},"function":{"name":"api"},"message":"[runtime-status] [21709] Ephemeral server survived."}}
[info] i  functions: Finished "api" in ~1s {"metadata":{"emulator":{"name":"functions"},"function":{"name":"api"},"message":"Finished \"api\" in ~1s"}}
[debug] [2021-03-01T21:12:55.033Z] [worker-api-93955009-2a82-4ecd-ae01-e0f381557f9e]: IDLE {"metadata":{"emulator":{"name":"functions"},"message":"[worker-api-93955009-2a82-4ecd-ae01-e0f381557f9e]: IDLE"}}
[debug] [2021-03-01T21:12:55.033Z] [work-queue] {"queueLength":0,"workRunningCount":0}
